<?xml version="1.0" encoding="UTF-8"?>

<!--
  GRANITE DATA SERVICES
  Copyright (C) 2011 GRANITE DATA SERVICES S.A.S.

  This file is part of Granite Data Services.

  Granite Data Services is free software; you can redistribute it and/or modify
  it under the terms of the GNU Library General Public License as published by
  the Free Software Foundation; either version 2 of the License, or (at your
  option) any later version.

  Granite Data Services is distributed in the hope that it will be useful, but
  WITHOUT ANY WARRANTY; without even the implied warranty of MERCHANTABILITY or
  FITNESS FOR A PARTICULAR PURPOSE. See the GNU Library General Public License
  for more details.

  You should have received a copy of the GNU Library General Public License
  along with this library; if not, see <http://www.gnu.org/licenses/>.
-->

<beans
  	xmlns="http://www.springframework.org/schema/beans"
  	xmlns:xsi="http://www.w3.org/2001/XMLSchema-instance"
  	xmlns:aop="http://www.springframework.org/schema/aop"
  	xmlns:context="http://www.springframework.org/schema/context"
  	xsi:schemaLocation="
    	http://www.springframework.org/schema/beans http://www.springframework.org/schema/beans/spring-beans-3.0.xsd
       	http://www.springframework.org/schema/context http://www.springframework.org/schema/context/spring-context-3.0.xsd">

  	
  	<bean class="org.springframework.web.servlet.mvc.annotation.DefaultAnnotationHandlerMapping"/>

  	<bean class="org.springframework.web.servlet.mvc.annotation.AnnotationMethodHandlerAdapter"/>
  	
  	<bean class="org.springframework.mock.web.MockServletContext"/>
    
</beans>
